<?xml version="1.0" encoding="UTF-8"?>
<!-- Generated by org.testng.reporters.JUnitReportReporter -->
<testsuite hostname="DESKTOP-7QDCR94" failures="0" tests="36" name="testRunner.TestRunner" time="137.322" errors="0" timestamp="2023-07-18T15:04:59 PDT" skipped="0">
  <testcase classname="testRunner.TestRunner" name="runScenario" time="1.397"/>
  <system-out/>
  <testcase classname="testRunner.TestRunner" name="runScenario" time="5.897"/>
  <system-out/>
  <testcase classname="testRunner.TestRunner" name="runScenario" time="2.987"/>
  <system-out/>
  <testcase classname="testRunner.TestRunner" name="runScenario" time="0.756"/>
  <system-out/>
  <testcase classname="testRunner.TestRunner" name="runScenario" time="1.467"/>
  <system-out/>
  <testcase classname="testRunner.TestRunner" name="runScenario" time="3.305"/>
  <system-out/>
  <testcase classname="testRunner.TestRunner" name="runScenario" time="4.623"/>
  <system-out/>
  <testcase classname="testRunner.TestRunner" name="runScenario" time="1.741"/>
  <system-out/>
  <testcase classname="testRunner.TestRunner" name="runScenario" time="1.842"/>
  <system-out/>
  <testcase classname="testRunner.TestRunner" name="runScenario" time="3.201"/>
  <system-out/>
  <testcase classname="testRunner.TestRunner" name="runScenario" time="1.294"/>
  <system-out/>
  <testcase classname="testRunner.TestRunner" name="runScenario" time="0.935"/>
  <system-out/>
  <testcase classname="testRunner.TestRunner" name="runScenario" time="9.619"/>
  <system-out/>
  <testcase classname="testRunner.TestRunner" name="runScenario" time="2.549"/>
  <system-out/>
  <testcase classname="testRunner.TestRunner" name="runScenario" time="2.152"/>
  <system-out/>
  <testcase classname="testRunner.TestRunner" name="runScenario" time="3.165"/>
  <system-out/>
  <testcase classname="testRunner.TestRunner" name="runScenario" time="2.312"/>
  <system-out/>
  <testcase classname="testRunner.TestRunner" name="runScenario" time="11.143"/>
  <system-out/>
  <testcase classname="testRunner.TestRunner" name="runScenario" time="16.214"/>
  <system-out/>
  <testcase classname="testRunner.TestRunner" name="runScenario" time="3.052"/>
  <system-out/>
  <testcase classname="testRunner.TestRunner" name="runScenario" time="2.544"/>
  <system-out/>
  <testcase classname="testRunner.TestRunner" name="runScenario" time="5.598"/>
  <system-out/>
  <testcase classname="testRunner.TestRunner" name="runScenario" time="3.400"/>
  <system-out/>
  <testcase classname="testRunner.TestRunner" name="runScenario" time="3.821"/>
  <system-out/>
  <testcase classname="testRunner.TestRunner" name="runScenario" time="2.157"/>
  <system-out/>
  <testcase classname="testRunner.TestRunner" name="runScenario" time="1.921"/>
  <system-out/>
  <testcase classname="testRunner.TestRunner" name="runScenario" time="3.699"/>
  <system-out/>
  <testcase classname="testRunner.TestRunner" name="runScenario" time="9.336"/>
  <system-out/>
  <testcase classname="testRunner.TestRunner" name="runScenario" time="4.246"/>
  <system-out/>
  <testcase classname="testRunner.TestRunner" name="runScenario" time="0.998"/>
  <system-out/>
  <testcase classname="testRunner.TestRunner" name="runScenario" time="3.157"/>
  <system-out/>
  <testcase classname="testRunner.TestRunner" name="runScenario" time="2.149"/>
  <system-out/>
  <testcase classname="testRunner.TestRunner" name="runScenario" time="1.985"/>
  <system-out/>
  <testcase classname="testRunner.TestRunner" name="runScenario" time="7.702"/>
  <system-out/>
  <testcase classname="testRunner.TestRunner" name="runScenario" time="2.415"/>
  <system-out/>
  <testcase classname="testRunner.TestRunner" name="runScenario" time="2.543"/>
  <system-out/>
</testsuite> <!-- testRunner.TestRunner -->
